/Users/anupam/Works/research/research_1/src/repro_core.py:36: DeprecationWarning: numpy.core.numeric is deprecated and has been renamed to numpy._core.numeric. The numpy._core namespace contains private NumPy internals and its use is discouraged, as NumPy internals can change without warning in any release. In practice, most real-world usage of numpy.core is to access functionality in the public NumPy API. If that is the case, use the public NumPy API. If not, you are using NumPy internals. If you would still like to access an internal attribute, use numpy._core.numeric._frombuffer.
  Ys = pickle.load(f)
/Users/anupam/Works/research/research_1/src/repro_core.py:38: DeprecationWarning: numpy.core.numeric is deprecated and has been renamed to numpy._core.numeric. The numpy._core namespace contains private NumPy internals and its use is discouraged, as NumPy internals can change without warning in any release. In practice, most real-world usage of numpy.core is to access functionality in the public NumPy API. If that is the case, use the public NumPy API. If not, you are using NumPy internals. If you would still like to access an internal attribute, use numpy._core.numeric._frombuffer.
  Xs = pickle.load(f)
[BBH] task 1/15 done (causal_judgement)
[BBH] task 2/15 done (disambiguation_qa)
[BBH] task 3/15 done (formal_fallacies)
[BBH] task 4/15 done (geometric_shapes)
[BBH] task 5/15 done (hyperbaton)
[BBH] task 6/15 done (logical_deduction_five_objects)
[BBH] task 7/15 done (logical_deduction_seven_objects)
[BBH] task 8/15 done (logical_deduction_three_objects)
[BBH] task 9/15 done (movie_recommendation)
[BBH] task 10/15 done (navigate)
[BBH] task 11/15 done (penguins_in_a_table)
[BBH] task 12/15 done (ruin_names)
[BBH] task 13/15 done (salient_translation_error_detection)
[BBH] task 14/15 done (snarks)
[BBH] task 15/15 done (sports_understanding)

=== ABSOLUTE error by method x quantile x budget (mean) ===
quantile               5       25      50      75      95
method     budget                                        
baseline   200     0.2068  0.2750  0.2330  0.3359  0.4954
           400     0.2058  0.1625  0.0909  0.1708  0.3678
           800     0.1546  0.1025  0.0517  0.0935  0.2454
           1600    0.1023  0.0637  0.0268  0.0551  0.1485
prompteval 200     0.1255  0.0770  0.0704  0.0878  0.2699
           400     0.1195  0.0590  0.0257  0.0601  0.2338
           800     0.1003  0.0611  0.0218  0.0573  0.1748
           1600    0.0691  0.0382  0.0145  0.0348  0.1040

=== SIGNED error (est - true) by method x quantile x budget (mean) — the key test ===
quantile               5       25      50      75      95
method     budget                                        
baseline   200    -0.2068 -0.2750 -0.0899  0.2303  0.4831
           400    -0.2058 -0.1624 -0.0503  0.1255  0.3635
           800    -0.1546 -0.1024 -0.0282  0.0782  0.2432
           1600   -0.1023 -0.0634 -0.0162  0.0464  0.1477
prompteval 200    -0.0983 -0.0489 -0.0301  0.0327  0.2604
           400    -0.1062 -0.0406 -0.0098  0.0385  0.2298
           800    -0.0937 -0.0543 -0.0096  0.0505  0.1728
           1600   -0.0656 -0.0360 -0.0078  0.0307  0.1033

=== SPREAD RATIO est(P95-P5)/true(P95-P5) [<1 => compression] & best-prompt regret ===
                   spread_ratio  best_regret
method     budget                           
baseline   200           5.5887       0.1331
           400           4.9411       0.1132
           800           3.8183       0.0924
           1600          2.7971       0.0733
prompteval 200           3.3684       0.1186
           400           3.1386       0.1077
           800           2.6952       0.0855
           1600          2.1255       0.0746

saved -> results/repro_full_BBH_tNone_lNone_s5.json  (n_rec=33000)
